\BOOKMARK [0][-]{chapter*.4}{\376\377\000I\000n\000t\000r\000o\000d\000u\000c\000t\000i\000o\000n\000\040\000g\000\351\000n\000\351\000r\000a\000l\000e}{}% 1
\BOOKMARK [0][-]{chapter.1}{\376\377\000P\000r\000\351\000s\000e\000n\000t\000a\000t\000i\000o\000n\000\040\000d\000u\000\040\000p\000r\000o\000j\000e\000t}{}% 2
\BOOKMARK [1][-]{section.1.1}{\376\377\000I\000n\000t\000r\000o\000d\000u\000c\000t\000i\000o\000n}{chapter.1}% 3
\BOOKMARK [1][-]{section.1.2}{\376\377\000P\000r\000\351\000s\000e\000n\000t\000a\000t\000i\000o\000n\000\040\000d\000u\000\040\000s\000u\000j\000e\000t}{chapter.1}% 4
\BOOKMARK [2][-]{subsection.1.2.1}{\376\377\000P\000r\000o\000b\000l\000\351\000m\000a\000t\000i\000q\000u\000e}{section.1.2}% 5
\BOOKMARK [2][-]{subsection.1.2.2}{\376\377\000\311\000t\000u\000d\000e\000\040\000d\000e\000\040\000l\000'\000e\000x\000i\000s\000t\000a\000n\000t}{section.1.2}% 6
\BOOKMARK [3][-]{section*.5}{\376\377\000A\000n\000a\000l\000y\000s\000e\000\040\000d\000e\000\040\000l\000'\000e\000x\000i\000s\000t\000a\000n\000t}{subsection.1.2.2}% 7
\BOOKMARK [3][-]{section*.7}{\376\377\000C\000r\000i\000t\000i\000q\000u\000e\000\040\000d\000e\000\040\000l\000'\000e\000x\000i\000s\000t\000a\000n\000t}{subsection.1.2.2}% 8
\BOOKMARK [2][-]{subsection.1.2.3}{\376\377\000S\000o\000l\000u\000t\000i\000o\000n\000\040\000p\000r\000o\000p\000o\000s\000\351\000e}{section.1.2}% 9
\BOOKMARK [1][-]{section.1.3}{\376\377\000P\000l\000a\000n\000i\000f\000i\000c\000a\000t\000i\000o\000n\000\040\000d\000u\000\040\000t\000r\000a\000v\000a\000i\000l}{chapter.1}% 10
\BOOKMARK [1][-]{section.1.4}{\376\377\000C\000o\000n\000c\000l\000u\000s\000i\000o\000n}{chapter.1}% 11
\BOOKMARK [0][-]{chapter.2}{\376\377\000A\000n\000a\000l\000y\000s\000e\000\040\000e\000t\000\040\000s\000p\000\351\000c\000i\000f\000i\000c\000a\000t\000i\000o\000n\000\040\000d\000e\000s\000\040\000b\000e\000s\000o\000i\000n\000s}{}% 12
\BOOKMARK [1][-]{section.2.1}{\376\377\000I\000n\000t\000r\000o\000d\000u\000c\000t\000i\000o\000n}{chapter.2}% 13
\BOOKMARK [1][-]{section.2.2}{\376\377\000S\000p\000\351\000c\000i\000f\000i\000c\000a\000t\000i\000o\000n\000\040\000d\000e\000s\000\040\000b\000e\000s\000o\000i\000n\000s}{chapter.2}% 14
\BOOKMARK [2][-]{subsection.2.2.1}{\376\377\000I\000d\000e\000n\000t\000i\000f\000i\000c\000a\000t\000i\000o\000n\000\040\000d\000e\000s\000\040\000a\000c\000t\000e\000u\000r\000s}{section.2.2}% 15
\BOOKMARK [2][-]{subsection.2.2.2}{\376\377\000B\000e\000s\000o\000i\000n\000s\000\040\000f\000o\000n\000c\000t\000i\000o\000n\000n\000e\000l\000s}{section.2.2}% 16
\BOOKMARK [2][-]{subsection.2.2.3}{\376\377\000B\000e\000s\000o\000i\000n\000s\000\040\000n\000o\000n\000\040\000f\000o\000n\000c\000t\000i\000o\000n\000n\000e\000l\000s}{section.2.2}% 17
\BOOKMARK [1][-]{section.2.3}{\376\377\000M\000o\000d\000\351\000l\000i\000s\000a\000t\000i\000o\000n\000\040\000d\000e\000s\000\040\000b\000e\000s\000o\000i\000n\000s}{chapter.2}% 18
\BOOKMARK [2][-]{subsection.2.3.1}{\376\377\000L\000a\000n\000g\000a\000g\000e\000\040\000d\000e\000\040\000M\000o\000d\000\351\000l\000i\000s\000a\000t\000i\000o\000n\000\040\000U\000M\000L}{section.2.3}% 19
\BOOKMARK [2][-]{subsection.2.3.2}{\376\377\000D\000i\000a\000g\000r\000a\000m\000m\000e\000s\000\040\000d\000e\000\040\000c\000a\000s\000\040\000d\040\031\000u\000t\000i\000l\000i\000s\000a\000t\000i\000o\000n}{section.2.3}% 20
\BOOKMARK [3][-]{section*.10}{\376\377\000D\000i\000a\000g\000r\000a\000m\000m\000e\000\040\000d\000e\000\040\000c\000a\000s\000\040\000d\000'\000u\000t\000i\000l\000i\000s\000a\000t\000i\000o\000n\000\040\000g\000l\000o\000b\000a\000l}{subsection.2.3.2}% 21
\BOOKMARK [3][-]{section*.12}{\376\377\000D\000i\000a\000g\000r\000a\000m\000m\000e\000s\000\040\000d\000\351\000t\000a\000i\000l\000l\000\351\000s\000\040\000p\000a\000r\000\040\000a\000c\000t\000e\000u\000r}{subsection.2.3.2}% 22
\BOOKMARK [2][-]{subsection.2.3.3}{\376\377\000R\000a\000f\000f\000i\000n\000e\000m\000e\000n\000t\000\040\000d\000e\000s\000\040\000c\000a\000s\000\040\000d\040\031\000u\000t\000i\000l\000i\000s\000a\000t\000i\000o\000n}{section.2.3}% 23
\BOOKMARK [3][-]{section*.19}{\376\377\000A\000n\000a\000l\000y\000s\000e\000\040\000d\000e\000\040\000c\000a\000s\000\040\000d\000'\000u\000t\000i\000l\000i\000s\000a\000t\000i\000o\000n\000\040\000:\000\040\000<\000<\000\040\000P\000a\000s\000s\000e\000r\000\040\000u\000n\000e\000\040\000c\000o\000m\000m\000a\000n\000d\000e\000\040\000>\000>}{subsection.2.3.3}% 24
\BOOKMARK [3][-]{section*.22}{\376\377\000A\000n\000a\000l\000y\000s\000e\000\040\000d\000e\000\040\000c\000a\000s\000\040\000d\000'\000u\000t\000i\000l\000i\000s\000a\000t\000i\000o\000n\000\040\000:\000\040\000<\000<\000\040\000U\000t\000i\000l\000i\000s\000e\000r\000\040\000l\000e\000\040\000C\000o\000n\000f\000i\000g\000u\000r\000a\000t\000e\000u\000r\000\040\000P\000C\000\040\000I\000A\000\040\000>\000>}{subsection.2.3.3}% 25
\BOOKMARK [1][-]{section.2.4}{\376\377\000M\000a\000q\000u\000e\000t\000t\000e\000s\000\040\000d\000e\000s\000\040\000i\000n\000t\000e\000r\000f\000a\000c\000e\000s\000\040\000\050\000U\000I\000/\000U\000X\000\051}{chapter.2}% 26
\BOOKMARK [2][-]{subsection.2.4.1}{\376\377\000M\000a\000q\000u\000e\000t\000t\000e\000\040\000:\000\040\000P\000a\000g\000e\000\040\000d\000'\000a\000c\000c\000u\000e\000i\000l\000\040\000d\000y\000n\000a\000m\000i\000q\000u\000e}{section.2.4}% 27
\BOOKMARK [2][-]{subsection.2.4.2}{\376\377\000M\000a\000q\000u\000e\000t\000t\000e\000\040\000:\000\040\000S\000y\000s\000t\000\350\000m\000e\000\040\000d\000e\000\040\000g\000a\000m\000i\000f\000i\000c\000a\000t\000i\000o\000n\000\040\000\050\000R\000o\000u\000e\000\040\000d\000e\000s\000\040\000p\000r\000i\000x\000\051}{section.2.4}% 28
\BOOKMARK [2][-]{subsection.2.4.3}{\376\377\000M\000a\000q\000u\000e\000t\000t\000e\000\040\000:\000\040\000H\000u\000b\000\040\000d\000'\000I\000n\000t\000e\000l\000l\000i\000g\000e\000n\000c\000e\000\040\000A\000r\000t\000i\000f\000i\000c\000i\000e\000l\000l\000e}{section.2.4}% 29
\BOOKMARK [2][-]{subsection.2.4.4}{\376\377\000M\000a\000q\000u\000e\000t\000t\000e\000\040\000:\000\040\000T\000a\000b\000l\000e\000a\000u\000\040\000d\000e\000\040\000b\000o\000r\000d\000\040\000u\000t\000i\000l\000i\000s\000a\000t\000e\000u\000r}{section.2.4}% 30
\BOOKMARK [1][-]{section.2.5}{\376\377\000C\000o\000n\000c\000l\000u\000s\000i\000o\000n}{chapter.2}% 31
\BOOKMARK [0][-]{chapter.3}{\376\377\000\311\000t\000u\000d\000e\000\040\000c\000o\000n\000c\000e\000p\000t\000u\000e\000l\000l\000e}{}% 32
\BOOKMARK [1][-]{section.3.1}{\376\377\000I\000n\000t\000r\000o\000d\000u\000c\000t\000i\000o\000n}{chapter.3}% 33
\BOOKMARK [1][-]{section.3.2}{\376\377\000C\000o\000n\000c\000e\000p\000t\000i\000o\000n\000\040\000:\000\040\000v\000u\000e\000\040\000s\000t\000a\000t\000i\000q\000u\000e}{chapter.3}% 34
\BOOKMARK [2][-]{subsection.3.2.1}{\376\377\000D\000i\000a\000g\000r\000a\000m\000m\000e\000\040\000d\000e\000\040\000d\000\351\000p\000l\000o\000i\000e\000m\000e\000n\000t}{section.3.2}% 35
\BOOKMARK [2][-]{subsection.3.2.2}{\376\377\000D\000i\000a\000g\000r\000a\000m\000m\000e\000\040\000d\000e\000\040\000c\000l\000a\000s\000s\000e\000s}{section.3.2}% 36
\BOOKMARK [1][-]{section.3.3}{\376\377\000C\000o\000n\000c\000e\000p\000t\000i\000o\000n\000\040\000:\000\040\000v\000u\000e\000\040\000d\000y\000n\000a\000m\000i\000q\000u\000e}{chapter.3}% 37
\BOOKMARK [2][-]{subsection.3.3.1}{\376\377\000D\000i\000a\000g\000r\000a\000m\000m\000e\000s\000\040\000d\000e\000\040\000s\000\351\000q\000u\000e\000n\000c\000e}{section.3.3}% 38
\BOOKMARK [3][-]{section*.32}{\376\377\000D\000i\000a\000g\000r\000a\000m\000m\000e\000\040\000d\000e\000\040\000s\000\351\000q\000u\000e\000n\000c\000e\000\040\000<\000<\000\040\000P\000a\000s\000s\000e\000r\000\040\000u\000n\000e\000\040\000c\000o\000m\000m\000a\000n\000d\000e\000\040\000>\000>}{subsection.3.3.1}% 39
\BOOKMARK [3][-]{section*.35}{\376\377\000D\000i\000a\000g\000r\000a\000m\000m\000e\000\040\000d\000e\000\040\000s\000\351\000q\000u\000e\000n\000c\000e\000\040\000<\000<\000\040\000E\000s\000s\000a\000y\000a\000g\000e\000\040\000v\000i\000r\000t\000u\000e\000l\000\040\000>\000>}{subsection.3.3.1}% 40
\BOOKMARK [3][-]{section*.38}{\376\377\000D\000i\000a\000g\000r\000a\000m\000m\000e\000\040\000d\000e\000\040\000s\000\351\000q\000u\000e\000n\000c\000e\000\040\000<\000<\000\040\000b\000u\000i\000l\000d\000\040\000p\000c\000\040\000>\000>}{subsection.3.3.1}% 41
\BOOKMARK [2][-]{subsection.3.3.2}{\376\377\000D\000i\000a\000g\000r\000a\000m\000m\000e\000\040\000d\000'\000a\000c\000t\000i\000v\000i\000t\000\351\000\040\000:\000\040\000A\000l\000g\000o\000r\000i\000t\000h\000m\000e\000\040\000G\000\351\000n\000\351\000t\000i\000q\000u\000e\000\040\000\050\000P\000C\000\040\000B\000u\000i\000l\000d\000e\000r\000\040\000/\000\040\000S\000m\000a\000r\000t\000\040\000B\000u\000d\000g\000e\000t\000\051}{section.3.3}% 42
\BOOKMARK [1][-]{section.3.4}{\376\377\000D\000i\000a\000g\000r\000a\000m\000m\000e\000\040\000d\000'\000\351\000t\000a\000t\000/\000t\000r\000a\000n\000s\000i\000t\000i\000o\000n}{chapter.3}% 43
\BOOKMARK [2][-]{subsection.3.4.1}{\376\377\000D\000i\000a\000g\000r\000a\000m\000m\000e\000\040\000d\000'\000\351\000t\000a\000t\000/\000t\000r\000a\000n\000s\000i\000t\000i\000o\000n\000\040\000:\000\040\000o\000b\000j\000e\000t\000\040\000c\000o\000m\000m\000a\000n\000d\000e}{section.3.4}% 44
\BOOKMARK [1][-]{section.3.5}{\376\377\000C\000o\000n\000c\000l\000u\000s\000i\000o\000n}{chapter.3}% 45
\BOOKMARK [0][-]{chapter.4}{\376\377\000R\000\351\000a\000l\000i\000s\000a\000t\000i\000o\000n}{}% 46
\BOOKMARK [1][-]{section.4.1}{\376\377\000I\000n\000t\000r\000o\000d\000u\000c\000t\000i\000o\000n}{chapter.4}% 47
\BOOKMARK [1][-]{section.4.2}{\376\377\000A\000r\000c\000h\000i\000t\000e\000c\000t\000u\000r\000e}{chapter.4}% 48
\BOOKMARK [1][-]{section.4.3}{\376\377\000E\000n\000v\000i\000r\000o\000n\000n\000e\000m\000e\000n\000t\000\040\000d\000e\000\040\000d\000\351\000v\000e\000l\000o\000p\000p\000e\000m\000e\000n\000t}{chapter.4}% 49
\BOOKMARK [2][-]{subsection.4.3.1}{\376\377\000E\000n\000v\000i\000r\000o\000n\000n\000e\000m\000e\000n\000t\000\040\000t\000e\000c\000h\000n\000i\000q\000u\000e}{section.4.3}% 50
\BOOKMARK [2][-]{subsection.4.3.2}{\376\377\000E\000n\000v\000i\000r\000o\000n\000n\000e\000m\000e\000n\000t\000\040\000t\000e\000c\000h\000n\000i\000q\000u\000e\000\050\000A\000I\000\051}{section.4.3}% 51
\BOOKMARK [2][-]{subsection.4.3.3}{\376\377\000C\000h\000o\000i\000x\000\040\000t\000e\000c\000h\000n\000o\000l\000o\000g\000i\000q\000u\000e\000s}{section.4.3}% 52
\BOOKMARK [3][-]{section*.52}{\376\377\000L\000a\000\040\000p\000a\000r\000t\000i\000e\000\040\000F\000r\000o\000n\000t\000e\000n\000d}{subsection.4.3.3}% 53
\BOOKMARK [2][-]{subsection.4.3.4}{\376\377\000E\000n\000v\000i\000r\000o\000n\000n\000e\000m\000e\000n\000t\000\040\000m\000a\000t\000\351\000r\000i\000e\000l}{section.4.3}% 54
\BOOKMARK [1][-]{section.4.4}{\376\377\000P\000r\000\351\000s\000e\000n\000t\000a\000t\000i\000o\000n\000\040\000d\000e\000s\000\040\000i\000n\000t\000e\000r\000f\000a\000c\000e\000s\000\040\000d\000u\000\040\000p\000l\000a\000t\000e\000f\000o\000r\000m\000e}{chapter.4}% 55
\BOOKMARK [2][-]{subsection.4.4.1}{\376\377\000I\000n\000t\000e\000r\000f\000a\000c\000e\000\040\000d\000e\000\040\000l\000o\000g\000i\000n\000\040}{section.4.4}% 56
\BOOKMARK [2][-]{subsection.4.4.2}{\376\377\000I\000n\000t\000e\000r\000f\000a\000c\000e\000\040\000d\000'\000a\000c\000c\000u\000e\000i\000l\000\040}{section.4.4}% 57
\BOOKMARK [2][-]{subsection.4.4.3}{\376\377\000I\000n\000t\000e\000r\000f\000a\000c\000e\000\040\000d\000e\000\040\000g\000e\000s\000t\000i\000o\000n\000n\000a\000i\000r\000e\000\040\000d\000e\000\040\000f\000i\000c\000h\000i\000e\000r\000s\000\040}{section.4.4}% 58
\BOOKMARK [2][-]{subsection.4.4.4}{\376\377\000I\000n\000t\000e\000r\000f\000a\000c\000e\000\040\000d\000e\000\040\000c\000a\000l\000e\000n\000d\000r\000i\000e\000r\000\040}{section.4.4}% 59
\BOOKMARK [2][-]{subsection.4.4.5}{\376\377\000I\000n\000t\000e\000r\000f\000a\000c\000e\000\040\000d\000e\000\040\000n\000o\000t\000e\000s\000\040}{section.4.4}% 60
\BOOKMARK [2][-]{subsection.4.4.6}{\376\377\000I\000n\000t\000e\000r\000f\000a\000c\000e\000\040\000d\000e\000\040\000t\000\342\000c\000h\000e\000s\000\040}{section.4.4}% 61
\BOOKMARK [1][-]{section.4.5}{\376\377\000P\000r\000\351\000s\000e\000n\000t\000a\000t\000i\000o\000n\000\040\000d\000e\000\040\000l\000a\000\040\000p\000a\000r\000t\000i\000e\000\040\000I\000A}{chapter.4}% 62
\BOOKMARK [2][-]{section*.68}{\376\377\000O\000b\000j\000e\000c\000t\000i\000f\000\040\000d\000e\000\040\000l\000'\000a\000l\000g\000o\000r\000i\000t\000h\000m\000e\000\040\000d\000'\000I\000A\000\040}{section.4.5}% 63
\BOOKMARK [3][-]{section*.69}{\376\377\000\311\000t\000a\000p\000e\000s\000\040\000p\000r\000i\000n\000c\000i\000p\000a\000l\000e\000s\000\040\000d\000e\000\040\000l\000'\000a\000l\000g\000o\000r\000i\000t\000h\000m\000e\000\040}{section*.68}% 64
\BOOKMARK [3][-]{section*.70}{\376\377\000P\000s\000e\000u\000d\000o\000-\000c\000o\000d\000e\000\040\000d\000e\000\040\000l\000'\000a\000l\000g\000o\000r\000i\000t\000h\000m\000e\000\040}{section*.68}% 65
\BOOKMARK [3][-]{section*.73}{\376\377\000E\000x\000p\000l\000i\000c\000a\000t\000i\000o\000n\000\040\000d\000e\000s\000\040\000a\000v\000a\000n\000t\000a\000g\000e\000s\000\040\000d\000e\000\040\000l\000'\000I\000A\000\040\000d\000a\000n\000s\000\040\000v\000o\000t\000r\000e\000\040\000a\000p\000p\000l\000i\000c\000a\000t\000i\000o\000n\000\040\000:\000\040}{section*.68}% 66
\BOOKMARK [1][-]{section.4.6}{\376\377\000C\000o\000n\000c\000l\000u\000s\000i\000o\000n}{chapter.4}% 67
\BOOKMARK [0][-]{chapter*.74}{\376\377\000C\000o\000n\000c\000l\000u\000s\000i\000o\000n\000\040\000g\000\351\000n\000\351\000r\000a\000l\000e}{}% 68
\BOOKMARK [1][-]{section*.75}{\376\377\000C\000o\000n\000c\000l\000u\000s\000i\000o\000n}{chapter*.74}% 69
